<?xml version="1.0" encoding="UTF-8"?>
<testng-results skipped="0" failed="0" ignored="0" total="2" passed="2">
  <reporter-output>
  </reporter-output>
  <suite name="Surefire suite" duration-ms="8660" started-at="2019-02-13T05:13:23Z" finished-at="2019-02-13T05:13:31Z">
    <groups>
    </groups>
    <test name="Surefire test" duration-ms="8660" started-at="2019-02-13T05:13:23Z" finished-at="2019-02-13T05:13:31Z">
      <class name="TestCase.TestLogin">
        <test-method status="PASS" signature="Open_Browser()[pri:0, instance:TestCase.TestLogin@180bc464]" name="Open_Browser" is-config="true" duration-ms="15851" started-at="2019-02-13T05:13:07Z" finished-at="2019-02-13T05:13:23Z">
          <reporter-output>
          </reporter-output>
        </test-method> <!-- Open_Browser -->
        <test-method status="PASS" signature="Forgotten_Acc()[pri:0, instance:TestCase.TestLogin@180bc464]" name="Forgotten_Acc" duration-ms="3419" started-at="2019-02-13T05:13:23Z" finished-at="2019-02-13T05:13:26Z">
          <reporter-output>
          </reporter-output>
        </test-method> <!-- Forgotten_Acc -->
        <test-method status="PASS" signature="Login()[pri:0, instance:TestCase.TestLogin@180bc464]" name="Login" duration-ms="5204" started-at="2019-02-13T05:13:26Z" finished-at="2019-02-13T05:13:31Z">
          <reporter-output>
          </reporter-output>
        </test-method> <!-- Login -->
        <test-method status="PASS" signature="Close()[pri:0, instance:TestCase.TestLogin@180bc464]" name="Close" is-config="true" duration-ms="2116" started-at="2019-02-13T05:13:31Z" finished-at="2019-02-13T05:13:33Z">
          <reporter-output>
          </reporter-output>
        </test-method> <!-- Close -->
      </class> <!-- TestCase.TestLogin -->
    </test> <!-- Surefire test -->
  </suite> <!-- Surefire suite -->
</testng-results>
