<?xml version="1.0" encoding="UTF-8"?>
<testng-results skipped="0" failed="0" ignored="0" total="2" passed="2">
  <reporter-output>
  </reporter-output>
  <suite name="Suite" duration-ms="9163" started-at="2019-02-20T06:28:52Z" finished-at="2019-02-20T06:29:01Z">
    <groups>
    </groups>
    <test name="Test" duration-ms="9163" started-at="2019-02-20T06:28:52Z" finished-at="2019-02-20T06:29:01Z">
      <class name="com.facebook.Testcase.LoginNew">
        <test-method status="PASS" signature="Setup()[pri:0, instance:com.facebook.Testcase.LoginNew@5c3bd550]" name="Setup" is-config="true" duration-ms="22968" started-at="2019-02-20T06:28:29Z" finished-at="2019-02-20T06:28:52Z">
          <reporter-output>
          </reporter-output>
        </test-method> <!-- Setup -->
        <test-method status="PASS" signature="verifylogintest()[pri:0, instance:com.facebook.Testcase.LoginNew@5c3bd550]" name="verifylogintest" duration-ms="8520" started-at="2019-02-20T06:28:52Z" finished-at="2019-02-20T06:29:01Z">
          <reporter-output>
          </reporter-output>
        </test-method> <!-- verifylogintest -->
        <test-method status="PASS" signature="verifytesttitle()[pri:0, instance:com.facebook.Testcase.LoginNew@5c3bd550]" name="verifytesttitle" duration-ms="585" started-at="2019-02-20T06:29:01Z" finished-at="2019-02-20T06:29:01Z">
          <reporter-output>
          </reporter-output>
        </test-method> <!-- verifytesttitle -->
        <test-method status="PASS" signature="close()[pri:0, instance:com.facebook.Testcase.LoginNew@5c3bd550]" name="close" is-config="true" duration-ms="742" started-at="2019-02-20T06:29:01Z" finished-at="2019-02-20T06:29:02Z">
          <reporter-output>
          </reporter-output>
        </test-method> <!-- close -->
      </class> <!-- com.facebook.Testcase.LoginNew -->
    </test> <!-- Test -->
  </suite> <!-- Suite -->
</testng-results>
